2024.07.08 22:19:29 INFO  Started: Metals version 1.3.2 in folders 'D:\fp\Labsheet03' for client Visual Studio Code 1.90.2.
SLF4J(W): Class path contains multiple SLF4J providers.
SLF4J(W): Found provider [scribe.slf4j.ScribeServiceProvider@5fb9de84]
SLF4J(W): Found provider [ch.qos.logback.classic.spi.LogbackServiceProvider@31bc7e8b]
SLF4J(W): See https://www.slf4j.org/codes.html#multiple_bindings for an explanation.
SLF4J(I): Actual provider is of type [scribe.slf4j.ScribeServiceProvider@5fb9de84]
2024.07.08 22:19:29 WARN  Flyway upgrade recommended: H2 2.2.224 is newer than this version of Flyway and support has not been tested. The latest supported version of H2 is 2.2.220.
2024.07.08 22:19:34 INFO  Running List(C:\Users\Jayathu\AppData\Local\Coursier\data\bin\scala-cli.BAT, setup-ide, D:\fp\Labsheet03)
2024.07.08 22:19:34 INFO  Attempting to connect to the build server...
2024.07.08 22:19:34 INFO  Running BSP server List(C:\Users\Jayathu\AppData\Local\Coursier\data\bin\.scala-cli.aux.exe, bsp, --json-options, D:\fp\Labsheet03\.scala-build\ide-options-v2.json, --json-launcher-options, D:\fp\Labsheet03\.scala-build\ide-launcher-options.json, --envs-file, D:\fp\Labsheet03\.scala-build\ide-envs.json, D:\fp\Labsheet03)
2024.07.08 22:19:35 INFO  tracing is disabled for protocol BSP, to enable tracing of incoming and outgoing JSON messages create an empty file at D:\fp\Labsheet03\.metals\bsp.trace.json or C:\Users\Jayathu\AppData\Local\scalameta\metals\cache\bsp.trace.json
2024.07.08 22:19:39 INFO  BSP server: Starting compilation server
2024.07.08 22:19:47 INFO  time: Connected to build server in 12s
2024.07.08 22:19:47 INFO  Connected to Build server: scala-cli v1.3.2
2024.07.08 22:19:48 INFO  compiling labsheet03_f4dd477a3a (4 scala sources)
2024.07.08 22:19:53 INFO  time: Imported build in 5.61s
2024.07.08 22:20:01 INFO  time: indexed workspace in 8.82s
Jul 08, 2024 10:22:08 PM org.eclipse.lsp4j.jsonrpc.RemoteEndpoint handleCancellation
WARNING: Unmatched cancel notification for request id 43
Jul 08, 2024 10:22:22 PM org.eclipse.lsp4j.jsonrpc.services.GenericEndpoint notify
INFO: Unsupported notification method: $/setTrace
